Build started 1/16/2019 11:34:09 AM.
     1>Project "E:\Work\2.Task\5.Simple C++\Task1\Task1\Task1.vcxproj" on node 2 (Build target(s)).
     1>ClCompile:
         C:\Program Files (x86)\Microsoft Visual Studio 11.0\VC\bin\CL.exe /c /Zi /nologo /W3 /WX- /sdl /O2 /Oi /Oy- /GL /D WIN32 /D NDEBUG /D _CONSOLE /D _USING_V110_SDK71_ /D _UNICODE /D UNICODE /Gm- /EHsc /MD /GS /Gy /fp:precise /Zc:wchar_t /Zc:forScope /Yc"stdafx.h" /Fp"Release\Task1.pch" /Fo"Release\\" /Fd"Release\vc110.pdb" /Gd /TP /analyze- /errorReport:prompt stdafx.cpp
         stdafx.cpp
         C:\Program Files (x86)\Microsoft Visual Studio 11.0\VC\bin\CL.exe /c /Zi /nologo /W3 /WX- /sdl /O2 /Oi /Oy- /GL /D WIN32 /D NDEBUG /D _CONSOLE /D _USING_V110_SDK71_ /D _UNICODE /D UNICODE /Gm- /EHsc /MD /GS /Gy /fp:precise /Zc:wchar_t /Zc:forScope /Yu"stdafx.h" /Fp"Release\Task1.pch" /Fo"Release\\" /Fd"Release\vc110.pdb" /Gd /TP /analyze- /errorReport:prompt DrawableGameComponent.cpp Game.cpp GameComponent.cpp Task1.cpp
         DrawableGameComponent.cpp
         Game.cpp
         GameComponent.cpp
         Task1.cpp
       Link:
         C:\Program Files (x86)\Microsoft Visual Studio 11.0\VC\bin\link.exe /ERRORREPORT:PROMPT /OUT:"E:\Work\2.Task\5.Simple C++\Task1\Release\Task1.exe" /INCREMENTAL:NO /NOLOGO kernel32.lib user32.lib gdi32.lib winspool.lib comdlg32.lib advapi32.lib shell32.lib ole32.lib oleaut32.lib uuid.lib odbc32.lib odbccp32.lib /MANIFEST /MANIFESTUAC:"level='asInvoker' uiAccess='false'" /manifest:embed /DEBUG /PDB:"E:\Work\2.Task\5.Simple C++\Task1\Release\Task1.pdb" /SUBSYSTEM:CONSOLE,"5.01" /OPT:REF /OPT:ICF /LTCG /TLBID:1 /DYNAMICBASE /NXCOMPAT /IMPLIB:"E:\Work\2.Task\5.Simple C++\Task1\Release\Task1.lib" /MACHINE:X86 /SAFESEH Release\DrawableGameComponent.obj
         Release\Game.obj
         Release\GameComponent.obj
         Release\stdafx.obj
         Release\Task1.obj
         Generating code
         Finished generating code
         Task1.vcxproj -> E:\Work\2.Task\5.Simple C++\Task1\Release\Task1.exe
     1>Done Building Project "E:\Work\2.Task\5.Simple C++\Task1\Task1\Task1.vcxproj" (Build target(s)).

Build succeeded.

Time Elapsed 00:00:00.56
